  ChattingApplicationDlg.cpp
c:\users\union\documents\github\staticrouter_unionlkh\chattingapplication\chattingapplication\datalinklayer.h(29): warning C4091: 'typedef ': ignored on left of 'DatalinkLayer::ETHERNET_FRAME' when no variable is declared
c:\users\union\documents\github\staticrouter_unionlkh\chattingapplication\chattingapplication\networklayer.h(32): warning C4091: 'typedef ': ignored on left of 'NetworkLayer::PACKET' when no variable is declared
c:\users\union\documents\github\staticrouter_unionlkh\chattingapplication\chattingapplication\transportlayer.h(25): warning C4091: 'typedef ': ignored on left of 'TransportLayer::SEGMENT' when no variable is declared
c:\users\union\documents\github\staticrouter_unionlkh\chattingapplication\chattingapplication\applicationlayer.h(29): warning C4091: 'typedef ': ignored on left of 'ApplicationLayer::APPDATA' when no variable is declared
c:\users\union\documents\github\staticrouter_unionlkh\chattingapplication\chattingapplication\chattingapplicationdlg.cpp(352): warning C4101: 'p3': unreferenced local variable
c:\users\union\documents\github\staticrouter_unionlkh\chattingapplication\chattingapplication\chattingapplicationdlg.cpp(352): warning C4101: 'p1': unreferenced local variable
c:\users\union\documents\github\staticrouter_unionlkh\chattingapplication\chattingapplication\chattingapplicationdlg.cpp(352): warning C4101: 'p4': unreferenced local variable
c:\users\union\documents\github\staticrouter_unionlkh\chattingapplication\chattingapplication\chattingapplicationdlg.cpp(352): warning C4101: 'p2': unreferenced local variable
  Generating Code...
  Compiling...
  ChattingApplication.cpp
c:\users\union\documents\github\staticrouter_unionlkh\chattingapplication\chattingapplication\datalinklayer.h(29): warning C4091: 'typedef ': ignored on left of 'DatalinkLayer::ETHERNET_FRAME' when no variable is declared
c:\users\union\documents\github\staticrouter_unionlkh\chattingapplication\chattingapplication\networklayer.h(32): warning C4091: 'typedef ': ignored on left of 'NetworkLayer::PACKET' when no variable is declared
c:\users\union\documents\github\staticrouter_unionlkh\chattingapplication\chattingapplication\transportlayer.h(25): warning C4091: 'typedef ': ignored on left of 'TransportLayer::SEGMENT' when no variable is declared
c:\users\union\documents\github\staticrouter_unionlkh\chattingapplication\chattingapplication\applicationlayer.h(29): warning C4091: 'typedef ': ignored on left of 'ApplicationLayer::APPDATA' when no variable is declared
  Generating Code...
  Skipping... (no relevant changes detected)
  ApplicationLayer.cpp
  ChattingApplication.vcxproj -> C:\Users\union\Documents\GitHub\StaticRouter_unionlkh\ChattingApplication\Debug\ChattingApplication.exe
  ChattingApplication.vcxproj -> C:\Users\union\Documents\GitHub\StaticRouter_unionlkh\ChattingApplication\Debug\ChattingApplication.pdb (Partial PDB)
